#
# There is insufficient memory for the Java Runtime Environment to continue.
# Native memory allocation (malloc) failed to allocate 32744 bytes for ChunkPool::allocate
# Possible reasons:
#   The system is out of physical RAM or swap space
#   In 32 bit mode, the process size limit was hit
# Possible solutions:
#   Reduce memory load on the system
#   Increase physical memory or swap space
#   Check if swap backing store is full
#   Use 64 bit Java on a 64 bit OS
#   Decrease Java heap size (-Xmx/-Xms)
#   Decrease number of Java threads
#   Decrease Java thread stack sizes (-Xss)
#   Set larger code cache with -XX:ReservedCodeCacheSize=
# This output file may be truncated or incomplete.
#
#  Out of Memory Error (allocation.cpp:273), pid=14232, tid=0x00000000000039b0
#
# JRE version: Java(TM) SE Runtime Environment (8.0_171-b11) (build 1.8.0_171-b11)
# Java VM: Java HotSpot(TM) 64-Bit Server VM (25.171-b11 mixed mode windows-amd64 compressed oops)
# Failed to write core dump. Minidumps are not enabled by default on client versions of Windows
#

---------------  T H R E A D  ---------------

Current thread (0x000000001c326800):  JavaThread "C2 CompilerThread1" daemon [_thread_in_native, id=14768, stack(0x000000001da80000,0x000000001db80000)]

Stack: [0x000000001da80000,0x000000001db80000]
[error occurred during error reporting (printing stack bounds), id 0xc0000005]

Native frames: (J=compiled Java code, j=interpreted, Vv=VM code, C=native code)


Current CompileTask:
C2:3739866 4790   !   4       javax.swing.CellRendererPane::paintComponent (178 bytes)


---------------  P R O C E S S  ---------------

Java Threads: ( => current thread )
  0x0000000021cef800 JavaThread "TimerQueue" daemon [_thread_blocked, id=14820, stack(0x0000000025320000,0x0000000025420000)]
  0x0000000002c62800 JavaThread "DestroyJavaVM" [_thread_blocked, id=15248, stack(0x0000000002ac0000,0x0000000002bc0000)]
  0x00000000219d5000 JavaThread "AWT-EventQueue-0" [_thread_in_native, id=13876, stack(0x0000000025220000,0x0000000025320000)]
  0x0000000021651800 JavaThread "AWT-Shutdown" [_thread_blocked, id=13916, stack(0x0000000025120000,0x0000000025220000)]
  0x000000001e078800 JavaThread "Abandoned connection cleanup thread" daemon [_thread_blocked, id=14588, stack(0x0000000020b20000,0x0000000020c20000)]
  0x000000001dff9000 JavaThread "AWT-Windows" daemon [_thread_in_native, id=13692, stack(0x000000001e6a0000,0x000000001e7a0000)]
  0x000000001dff3000 JavaThread "Java2D Disposer" daemon [_thread_blocked, id=13824, stack(0x000000001e3d0000,0x000000001e4d0000)]
  0x000000001dcc0800 JavaThread "Service Thread" daemon [_thread_blocked, id=14828, stack(0x000000001e080000,0x000000001e180000)]
  0x000000001c32d800 JavaThread "C1 CompilerThread2" daemon [_thread_blocked, id=14136, stack(0x000000001db80000,0x000000001dc80000)]
=>0x000000001c326800 JavaThread "C2 CompilerThread1" daemon [_thread_in_native, id=14768, stack(0x000000001da80000,0x000000001db80000)]
  0x000000001c321800 JavaThread "C2 CompilerThread0" daemon [_thread_in_native, id=13392, stack(0x000000001d980000,0x000000001da80000)]
  0x000000001c320000 JavaThread "Attach Listener" daemon [_thread_blocked, id=8476, stack(0x000000001d880000,0x000000001d980000)]
  0x000000001c31f000 JavaThread "Signal Dispatcher" daemon [_thread_blocked, id=9932, stack(0x000000001d780000,0x000000001d880000)]
  0x0000000002d5e800 JavaThread "Finalizer" daemon [_thread_blocked, id=14468, stack(0x000000001d580000,0x000000001d680000)]
  0x000000001c2e9000 JavaThread "Reference Handler" daemon [_thread_blocked, id=14452, stack(0x000000001d480000,0x000000001d580000)]

Other Threads:
  0x000000001c2e7800 VMThread [stack: 0x000000001d380000,0x000000001d480000] [id=14764]
  0x000000001dcc6000 WatcherThread [stack: 0x000000001e180000,0x000000001e280000] [id=12480]

VM state:not at safepoint (normal execution)

VM Mutex/Monitor currently owned by a thread: None

Heap:
 PSYoungGen      total 735744K, used 316176K [0x000000076b500000, 0x00000007b7d00000, 0x00000007c0000000)
  eden space 555520K, 24% used [0x000000076b500000,0x0000000773c125a8,0x000000078d380000)
  from space 180224K, 98% used [0x000000079eb00000,0x00000007a98b1e10,0x00000007a9b00000)
  to   space 286208K, 0% used [0x000000078d380000,0x000000078d380000,0x000000079eb00000)
 ParOldGen       total 1200128K, used 770081K [0x00000006c1e00000, 0x000000070b200000, 0x000000076b500000)
  object space 1200128K, 64% used [0x00000006c1e00000,0x00000006f0e08560,0x000000070b200000)
 Metaspace       used 23545K, capacity 23944K, committed 24192K, reserved 1071104K
  class space    used 2552K, capacity 2670K, committed 2688K, reserved 1048576K

Card table byte_map: [0x0000000012120000,0x0000000012920000] byte_map_base: 0x000000000eb11000

Marking Bits: (ParMarkBitMap*) 0x00000000769708c0
 Begin Bits: [0x0000000013270000, 0x00000000171f8000)
 End Bits:   [0x00000000171f8000, 0x000000001b180000)

Polling page: 0x0000000002bd0000

CodeCache: size=245760Kb used=12880Kb max_used=13267Kb free=232879Kb
 bounds [0x0000000002d60000, 0x0000000003b30000, 0x0000000011d60000]
 total_blobs=4177 nmethods=3584 adapters=505
 compilation: enabled

Compilation events (10 events):
Event: 2843.060 Thread 0x000000001c326800 4787       4       sun.misc.URLClassPath::findResource (47 bytes)
Event: 2843.140 Thread 0x000000001c326800 nmethod 4787 0x0000000003720e50 code [0x0000000003720fe0, 0x0000000003721350]
Event: 3738.574 Thread 0x000000001c321800 4788       4       java.util.IdentityHashMap::get (60 bytes)
Event: 3738.575 Thread 0x000000001c32d800 4789       3       sun.java2d.SunGraphics2D::constrain (11 bytes)
Event: 3738.575 Thread 0x000000001c32d800 nmethod 4789 0x0000000003716a90 code [0x0000000003716c00, 0x0000000003716e08]
Event: 3738.578 Thread 0x000000001c321800 nmethod 4788 0x000000000392ead0 code [0x000000000392ec20, 0x000000000392ee48]
Event: 3738.615 Thread 0x000000001c326800 4790   !   4       javax.swing.CellRendererPane::paintComponent (178 bytes)
Event: 3738.615 Thread 0x000000001c321800 4791       4       javax.swing.plaf.basic.BasicLabelUI::paint (187 bytes)
Event: 3738.630 Thread 0x000000001c32d800 4794       3       java.awt.Color::getAlpha (12 bytes)
Event: 3738.631 Thread 0x000000001c32d800 nmethod 4794 0x0000000002fac7d0 code [0x0000000002fac920, 0x0000000002facb10]

GC Heap History (10 events):
Event: 29.863 GC heap before
{Heap before GC invocations=17 (full 1):
 PSYoungGen      total 584704K, used 584700K [0x000000076b500000, 0x00000007a1280000, 0x00000007c0000000)
  eden space 487936K, 100% used [0x000000076b500000,0x0000000789180000,0x0000000789180000)
  from space 96768K, 99% used [0x0000000789180000,0x000000078efff280,0x000000078f000000)
  to   space 139776K, 0% used [0x0000000798a00000,0x0000000798a00000,0x00000007a1280000)
 ParOldGen       total 436224K, used 348280K [0x00000006c1e00000, 0x00000006dc800000, 0x000000076b500000)
  object space 436224K, 79% used [0x00000006c1e00000,0x00000006d721e238,0x00000006dc800000)
 Metaspace       used 21629K, capacity 22012K, committed 22272K, reserved 1069056K
  class space    used 2329K, capacity 2476K, committed 2560K, reserved 1048576K
Event: 29.983 GC heap after
Heap after GC invocations=17 (full 1):
 PSYoungGen      total 724992K, used 122461K [0x000000076b500000, 0x00000007a9080000, 0x00000007c0000000)
  eden space 585216K, 0% used [0x000000076b500000,0x000000076b500000,0x000000078f080000)
  from space 139776K, 87% used [0x0000000798a00000,0x00000007a01975f8,0x00000007a1280000)
  to   space 157184K, 0% used [0x000000078f080000,0x000000078f080000,0x0000000798a00000)
 ParOldGen       total 445952K, used 445376K [0x00000006c1e00000, 0x00000006dd180000, 0x000000076b500000)
  object space 445952K, 99% used [0x00000006c1e00000,0x00000006dd0f01c8,0x00000006dd180000)
 Metaspace       used 21629K, capacity 22012K, committed 22272K, reserved 1069056K
  class space    used 2329K, capacity 2476K, committed 2560K, reserved 1048576K
}
Event: 29.983 GC heap before
{Heap before GC invocations=18 (full 2):
 PSYoungGen      total 724992K, used 122461K [0x000000076b500000, 0x00000007a9080000, 0x00000007c0000000)
  eden space 585216K, 0% used [0x000000076b500000,0x000000076b500000,0x000000078f080000)
  from space 139776K, 87% used [0x0000000798a00000,0x00000007a01975f8,0x00000007a1280000)
  to   space 157184K, 0% used [0x000000078f080000,0x000000078f080000,0x0000000798a00000)
 ParOldGen       total 445952K, used 445376K [0x00000006c1e00000, 0x00000006dd180000, 0x000000076b500000)
  object space 445952K, 99% used [0x00000006c1e00000,0x00000006dd0f01c8,0x00000006dd180000)
 Metaspace       used 21629K, capacity 22012K, committed 22272K, reserved 1069056K
  class space    used 2329K, capacity 2476K, committed 2560K, reserved 1048576K
Event: 31.109 GC heap after
Heap after GC invocations=18 (full 2):
 PSYoungGen      total 724992K, used 119557K [0x000000076b500000, 0x00000007a9080000, 0x00000007c0000000)
  eden space 585216K, 0% used [0x000000076b500000,0x000000076b500000,0x000000078f080000)
  from space 139776K, 85% used [0x0000000798a00000,0x000000079fec14f0,0x00000007a1280000)
  to   space 157184K, 0% used [0x000000078f080000,0x000000078f080000,0x0000000798a00000)
 ParOldGen       total 724992K, used 445887K [0x00000006c1e00000, 0x00000006ee200000, 0x000000076b500000)
  object space 724992K, 61% used [0x00000006c1e00000,0x00000006dd16fdc8,0x00000006ee200000)
 Metaspace       used 21629K, capacity 22012K, committed 22272K, reserved 1069056K
  class space    used 2329K, capacity 2476K, committed 2560K, reserved 1048576K
}
Event: 32.848 GC heap before
{Heap before GC invocations=19 (full 2):
 PSYoungGen      total 724992K, used 704773K [0x000000076b500000, 0x00000007a9080000, 0x00000007c0000000)
  eden space 585216K, 100% used [0x000000076b500000,0x000000078f080000,0x000000078f080000)
  from space 139776K, 85% used [0x0000000798a00000,0x000000079fec14f0,0x00000007a1280000)
  to   space 157184K, 0% used [0x000000078f080000,0x000000078f080000,0x0000000798a00000)
 ParOldGen       total 724992K, used 445887K [0x00000006c1e00000, 0x00000006ee200000, 0x000000076b500000)
  object space 724992K, 61% used [0x00000006c1e00000,0x00000006dd16fdc8,0x00000006ee200000)
 Metaspace       used 21651K, capacity 22012K, committed 22272K, reserved 1069056K
  class space    used 2332K, capacity 2476K, committed 2560K, reserved 1048576K
Event: 33.028 GC heap after
Heap after GC invocations=19 (full 2):
 PSYoungGen      total 742400K, used 146904K [0x000000076b500000, 0x00000007a9b00000, 0x00000007c0000000)
  eden space 585216K, 0% used [0x000000076b500000,0x000000076b500000,0x000000078f080000)
  from space 157184K, 93% used [0x000000078f080000,0x0000000797ff6198,0x0000000798a00000)
  to   space 180224K, 0% used [0x000000079eb00000,0x000000079eb00000,0x00000007a9b00000)
 ParOldGen       total 724992K, used 566202K [0x00000006c1e00000, 0x00000006ee200000, 0x000000076b500000)
  object space 724992K, 78% used [0x00000006c1e00000,0x00000006e46eea38,0x00000006ee200000)
 Metaspace       used 21651K, capacity 22012K, committed 22272K, reserved 1069056K
  class space    used 2332K, capacity 2476K, committed 2560K, reserved 1048576K
}
Event: 34.399 GC heap before
{Heap before GC invocations=20 (full 2):
 PSYoungGen      total 742400K, used 732120K [0x000000076b500000, 0x00000007a9b00000, 0x00000007c0000000)
  eden space 585216K, 100% used [0x000000076b500000,0x000000078f080000,0x000000078f080000)
  from space 157184K, 93% used [0x000000078f080000,0x0000000797ff6198,0x0000000798a00000)
  to   space 180224K, 0% used [0x000000079eb00000,0x000000079eb00000,0x00000007a9b00000)
 ParOldGen       total 724992K, used 566202K [0x00000006c1e00000, 0x00000006ee200000, 0x000000076b500000)
  object space 724992K, 78% used [0x00000006c1e00000,0x00000006e46eea38,0x00000006ee200000)
 Metaspace       used 21652K, capacity 22076K, committed 22272K, reserved 1069056K
  class space    used 2332K, capacity 2476K, committed 2560K, reserved 1048576K
Event: 34.576 GC heap after
Heap after GC invocations=20 (full 2):
 PSYoungGen      total 735744K, used 180219K [0x000000076b500000, 0x00000007b7d00000, 0x00000007c0000000)
  eden space 555520K, 0% used [0x000000076b500000,0x000000076b500000,0x000000078d380000)
  from space 180224K, 99% used [0x000000079eb00000,0x00000007a9afed98,0x00000007a9b00000)
  to   space 286208K, 0% used [0x000000078d380000,0x000000078d380000,0x000000079eb00000)
 ParOldGen       total 770560K, used 770275K [0x00000006c1e00000, 0x00000006f0e80000, 0x000000076b500000)
  object space 770560K, 99% used [0x00000006c1e00000,0x00000006f0e38fa8,0x00000006f0e80000)
 Metaspace       used 21652K, capacity 22076K, committed 22272K, reserved 1069056K
  class space    used 2332K, capacity 2476K, committed 2560K, reserved 1048576K
}
Event: 34.576 GC heap before
{Heap before GC invocations=21 (full 3):
 PSYoungGen      total 735744K, used 180219K [0x000000076b500000, 0x00000007b7d00000, 0x00000007c0000000)
  eden space 555520K, 0% used [0x000000076b500000,0x000000076b500000,0x000000078d380000)
  from space 180224K, 99% used [0x000000079eb00000,0x00000007a9afed98,0x00000007a9b00000)
  to   space 286208K, 0% used [0x000000078d380000,0x000000078d380000,0x000000079eb00000)
 ParOldGen       total 770560K, used 770275K [0x00000006c1e00000, 0x00000006f0e80000, 0x000000076b500000)
  object space 770560K, 99% used [0x00000006c1e00000,0x00000006f0e38fa8,0x00000006f0e80000)
 Metaspace       used 21652K, capacity 22076K, committed 22272K, reserved 1069056K
  class space    used 2332K, capacity 2476K, committed 2560K, reserved 1048576K
Event: 36.316 GC heap after
Heap after GC invocations=21 (full 3):
 PSYoungGen      total 735744K, used 177863K [0x000000076b500000, 0x00000007b7d00000, 0x00000007c0000000)
  eden space 555520K, 0% used [0x000000076b500000,0x000000076b500000,0x000000078d380000)
  from space 180224K, 98% used [0x000000079eb00000,0x00000007a98b1e10,0x00000007a9b00000)
  to   space 286208K, 0% used [0x000000078d380000,0x000000078d380000,0x000000079eb00000)
 ParOldGen       total 1200128K, used 770081K [0x00000006c1e00000, 0x000000070b200000, 0x000000076b500000)
  object space 1200128K, 64% used [0x00000006c1e00000,0x00000006f0e08560,0x000000070b200000)
 Metaspace       used 21652K, capacity 22076K, committed 22272K, reserved 1069056K
  class space    used 2332K, capacity 2476K, committed 2560K, reserved 1048576K
}

Deoptimization events (10 events):
Event: 418.640 Thread 0x00000000219d5000 Uncommon trap: reason=unstable_if action=reinterpret pc=0x000000000377a458 method=java.awt.Component.isShowing()Z @ 11
Event: 418.939 Thread 0x00000000219d5000 Uncommon trap: reason=unstable_if action=reinterpret pc=0x0000000003627b6c method=java.awt.Container.findComponentAtImpl(IIZ)Ljava/awt/Component; @ 131
Event: 418.939 Thread 0x00000000219d5000 Uncommon trap: reason=unstable_if action=reinterpret pc=0x00000000035f4480 method=sun.java2d.pipe.Region.isInsideXYXY(IIII)Z @ 30
Event: 418.963 Thread 0x00000000219d5000 Uncommon trap: reason=unstable_if action=reinterpret pc=0x000000000308fd58 method=sun.java2d.pipe.Region.isInsideXYXY(IIII)Z @ 30
Event: 419.341 Thread 0x00000000219d5000 Uncommon trap: reason=unstable_if action=reinterpret pc=0x0000000002f998fc method=javax.swing.plaf.basic.BasicComboBoxRenderer.getListCellRendererComponent(Ljavax/swing/JList;Ljava/lang/Object;IZZ)Ljava/awt/Component; @ 2
Event: 419.501 Thread 0x00000000219d5000 Uncommon trap: reason=class_check action=maybe_recompile pc=0x000000000335f604 method=javax.swing.ArrayTable.remove(Ljava/lang/Object;)Ljava/lang/Object; @ 54
Event: 419.504 Thread 0x00000000219d5000 Uncommon trap: reason=unstable_if action=reinterpret pc=0x0000000003b07f1c method=javax.swing.RepaintManager.addDirtyRegion0(Ljava/awt/Container;IIII)V @ 69
Event: 419.504 Thread 0x00000000219d5000 Uncommon trap: reason=unstable_if action=reinterpret pc=0x0000000003aeb1ac method=javax.swing.RepaintManager.addDirtyRegion0(Ljava/awt/Container;IIII)V @ 69
Event: 420.003 Thread 0x00000000219d5000 Uncommon trap: reason=class_check action=maybe_recompile pc=0x00000000032bd2c8 method=java.awt.Container.add(Ljava/awt/Component;Ljava/lang/Object;)V @ 4
Event: 3730.562 Thread 0x00000000219d5000 Uncommon trap: reason=unstable_if action=reinterpret pc=0x00000000030f0a24 method=java.util.HashMap$HashIterator.<init>(Ljava/util/HashMap;)V @ 45

Classes redefined (0 events):
No events

Internal exceptions (10 events):
Event: 26.745 Thread 0x00000000234da800 Implicit null exception at 0x0000000002f1f10c to 0x0000000002f1f4b9
Event: 31.110 Thread 0x00000000234da800 Implicit null exception at 0x000000000379f498 to 0x000000000379f6d7
Event: 36.399 Thread 0x0000000002c62800 Implicit null exception at 0x0000000003804d6c to 0x0000000003804d7e
Event: 36.437 Thread 0x0000000002c62800 Implicit null exception at 0x000000000379fdd8 to 0x000000000379ffea
Event: 36.437 Thread 0x00000000219d5000 Implicit null exception at 0x0000000003759d90 to 0x0000000003759e15
Event: 36.437 Thread 0x0000000002c62800 Implicit null exception at 0x0000000002fc1c74 to 0x0000000002fc1cb9
Event: 61.512 Thread 0x00000000219d5000 Implicit null exception at 0x0000000003600262 to 0x00000000036003b9
Event: 61.537 Thread 0x00000000219d5000 Implicit null exception at 0x0000000003624eae to 0x000000000362502a
Event: 61.537 Thread 0x00000000219d5000 Implicit null exception at 0x00000000033e4014 to 0x00000000033e95f9
Event: 61.555 Thread 0x00000000219d5000 Implicit null exception at 0x0000000003770ef6 to 0x0000000003771a80

Events (10 events):
Event: 3714.344 loading class java/util/WeakHashMap$KeyIterator
Event: 3714.346 loading class java/util/WeakHashMap$HashIterator
Event: 3714.347 loading class java/util/WeakHashMap$HashIterator done
Event: 3714.347 loading class java/util/WeakHashMap$KeyIterator done
Event: 3724.228 loading class javax/swing/RepaintManager$DisplayChangedRunnable
Event: 3724.228 loading class javax/swing/RepaintManager$DisplayChangedRunnable done
Event: 3730.562 Thread 0x00000000219d5000 Uncommon trap: trap_request=0xffffff65 fr.pc=0x00000000030f0a24
Event: 3730.563 Thread 0x00000000219d5000 DEOPT PACKING pc=0x00000000030f0a24 sp=0x000000002531e180
Event: 3730.563 Thread 0x00000000219d5000 DEOPT UNPACKING pc=0x0000000002da583b sp=0x000000002531e120 mode 2
Event: 3738.580 Thread 0x000000001c32d800 flushing nmethod 0x00000000035bd210


Dynamic libraries:
0x00007ff6d72b0000 - 0x00007ff6d72e7000 	C:\Program Files\Java\jre1.8.0_171\bin\javaw.exe
0x00007ffb47170000 - 0x00007ffb47351000 	C:\WINDOWS\SYSTEM32\ntdll.dll
0x00007ffb44600000 - 0x00007ffb446b2000 	C:\WINDOWS\System32\KERNEL32.DLL
0x00007ffb440f0000 - 0x00007ffb44363000 	C:\WINDOWS\System32\KERNELBASE.dll
0x00007ffb463a0000 - 0x00007ffb46441000 	C:\WINDOWS\System32\ADVAPI32.dll
0x00007ffb44c70000 - 0x00007ffb44d0e000 	C:\WINDOWS\System32\msvcrt.dll
0x00007ffb46450000 - 0x00007ffb464ab000 	C:\WINDOWS\System32\sechost.dll
0x00007ffb44b40000 - 0x00007ffb44c64000 	C:\WINDOWS\System32\RPCRT4.dll
0x00007ffb469e0000 - 0x00007ffb46b70000 	C:\WINDOWS\System32\USER32.dll
0x00007ffb44370000 - 0x00007ffb44390000 	C:\WINDOWS\System32\win32u.dll
0x00007ffb470a0000 - 0x00007ffb470c8000 	C:\WINDOWS\System32\GDI32.dll
0x00007ffb43f50000 - 0x00007ffb440e2000 	C:\WINDOWS\System32\gdi32full.dll
0x00007ffb43540000 - 0x00007ffb435df000 	C:\WINDOWS\System32\msvcp_win.dll
0x00007ffb43e50000 - 0x00007ffb43f4a000 	C:\WINDOWS\System32\ucrtbase.dll
0x00007ffb31bf0000 - 0x00007ffb31e59000 	C:\WINDOWS\WinSxS\amd64_microsoft.windows.common-controls_6595b64144ccf1df_6.0.17134.112_none_fb3f961b30681c12\COMCTL32.dll
0x00007ffb46cd0000 - 0x00007ffb46ff3000 	C:\WINDOWS\System32\combase.dll
0x00007ffb44580000 - 0x00007ffb445fa000 	C:\WINDOWS\System32\bcryptPrimitives.dll
0x00007ffb447b0000 - 0x00007ffb447dd000 	C:\WINDOWS\System32\IMM32.DLL
0x0000000076050000 - 0x0000000076122000 	C:\Program Files\Java\jre1.8.0_171\bin\msvcr100.dll
0x0000000076150000 - 0x00000000769f0000 	C:\Program Files\Java\jre1.8.0_171\bin\server\jvm.dll
0x00007ffb469d0000 - 0x00007ffb469d8000 	C:\WINDOWS\System32\PSAPI.DLL
0x00007ffb39f30000 - 0x00007ffb39f53000 	C:\WINDOWS\SYSTEM32\WINMM.dll
0x00007ffb425e0000 - 0x00007ffb425ea000 	C:\WINDOWS\SYSTEM32\VERSION.dll
0x00007ffb39440000 - 0x00007ffb3946a000 	C:\WINDOWS\SYSTEM32\WINMMBASE.dll
0x00007ffb43d50000 - 0x00007ffb43d99000 	C:\WINDOWS\System32\cfgmgr32.dll
0x00007ffb32610000 - 0x00007ffb32619000 	C:\WINDOWS\SYSTEM32\WSOCK32.dll
0x00007ffb46510000 - 0x00007ffb4657c000 	C:\WINDOWS\System32\WS2_32.dll
0x0000000076fe0000 - 0x0000000076fef000 	C:\Program Files\Java\jre1.8.0_171\bin\verify.dll
0x0000000076d60000 - 0x0000000076d89000 	C:\Program Files\Java\jre1.8.0_171\bin\java.dll
0x0000000076d40000 - 0x0000000076d56000 	C:\Program Files\Java\jre1.8.0_171\bin\zip.dll
0x00007ffb44f50000 - 0x00007ffb46390000 	C:\WINDOWS\System32\SHELL32.dll
0x00007ffb448b0000 - 0x00007ffb44959000 	C:\WINDOWS\System32\shcore.dll
0x00007ffb43640000 - 0x00007ffb43d4d000 	C:\WINDOWS\System32\windows.storage.dll
0x00007ffb470e0000 - 0x00007ffb47131000 	C:\WINDOWS\System32\shlwapi.dll
0x00007ffb43520000 - 0x00007ffb43531000 	C:\WINDOWS\System32\kernel.appcore.dll
0x00007ffb43480000 - 0x00007ffb4349f000 	C:\WINDOWS\System32\profapi.dll
0x00007ffb434a0000 - 0x00007ffb434ec000 	C:\WINDOWS\System32\powrprof.dll
0x00007ffb43510000 - 0x00007ffb4351a000 	C:\WINDOWS\System32\FLTLIB.DLL
0x0000000075eb0000 - 0x0000000076048000 	C:\Program Files\Java\jre1.8.0_171\bin\awt.dll
0x00007ffb447e0000 - 0x00007ffb448a2000 	C:\WINDOWS\System32\OLEAUT32.dll
0x00007ffb41280000 - 0x00007ffb4130b000 	C:\WINDOWS\SYSTEM32\apphelp.dll
0x00007ffb41780000 - 0x00007ffb417a9000 	C:\WINDOWS\system32\DWMAPI.DLL
0x00007ffb414f0000 - 0x00007ffb41588000 	C:\WINDOWS\system32\uxtheme.dll
0x00007ffb20dd0000 - 0x00007ffb20ef0000 	C:\WINDOWS\system32\opengl32.dll
0x00007ffb393e0000 - 0x00007ffb3940c000 	C:\WINDOWS\SYSTEM32\GLU32.dll
0x00007ffb449c0000 - 0x00007ffb44b35000 	C:\WINDOWS\System32\MSCTF.dll
0x00007ffb1a600000 - 0x00007ffb1a6d9000 	c:\Program Files\HP\HP ProtectTools Security Manager\Bin\DpoFeedb.dll
0x00007ffb43380000 - 0x00007ffb433a8000 	C:\WINDOWS\SYSTEM32\USERENV.dll
0x00007ffb46b70000 - 0x00007ffb46cc1000 	C:\WINDOWS\System32\ole32.dll
0x0000000076d20000 - 0x0000000076d3a000 	C:\Program Files\Java\jre1.8.0_171\bin\net.dll
0x00007ffb42ca0000 - 0x00007ffb42d06000 	C:\WINDOWS\system32\mswsock.dll
0x00007ffb42a60000 - 0x00007ffb42b1e000 	C:\WINDOWS\SYSTEM32\DNSAPI.dll
0x00007ffb46390000 - 0x00007ffb46398000 	C:\WINDOWS\System32\NSI.dll
0x00007ffb42a20000 - 0x00007ffb42a58000 	C:\WINDOWS\SYSTEM32\IPHLPAPI.DLL
0x00007ffb3bcd0000 - 0x00007ffb3bcda000 	C:\Windows\System32\rasadhlp.dll
0x00007ffb3bea0000 - 0x00007ffb3bf12000 	C:\WINDOWS\System32\fwpuclnt.dll
0x00007ffb42fe0000 - 0x00007ffb43005000 	C:\WINDOWS\SYSTEM32\bcrypt.dll
0x0000000076cd0000 - 0x0000000076cf4000 	C:\Program Files\Java\jre1.8.0_171\bin\sunec.dll
0x00007ffb3d370000 - 0x00007ffb3d386000 	C:\WINDOWS\SYSTEM32\dhcpcsvc6.DLL
0x00007ffb3d4e0000 - 0x00007ffb3d4fa000 	C:\WINDOWS\SYSTEM32\dhcpcsvc.DLL
0x0000000076d00000 - 0x0000000076d11000 	C:\Program Files\Java\jre1.8.0_171\bin\nio.dll
0x00007ffb42eb0000 - 0x00007ffb42ec7000 	C:\WINDOWS\SYSTEM32\CRYPTSP.dll
0x00007ffb42880000 - 0x00007ffb428b3000 	C:\WINDOWS\system32\rsaenh.dll
0x00007ffb42ed0000 - 0x00007ffb42edb000 	C:\WINDOWS\SYSTEM32\CRYPTBASE.dll
0x0000000076140000 - 0x000000007614b000 	C:\Program Files\Java\jre1.8.0_171\bin\sunmscapi.dll
0x00007ffb44390000 - 0x00007ffb44572000 	C:\WINDOWS\System32\CRYPT32.dll
0x00007ffb434f0000 - 0x00007ffb43502000 	C:\WINDOWS\System32\MSASN1.dll
0x0000000075e60000 - 0x0000000075ea7000 	C:\Program Files\Java\jre1.8.0_171\bin\fontmanager.dll
0x0000000075e10000 - 0x0000000075e52000 	C:\Program Files\Java\jre1.8.0_171\bin\t2k.dll
0x00007ffb22cb0000 - 0x00007ffb22d48000 	C:\WINDOWS\System32\TextInputFramework.dll
0x00007ffb41170000 - 0x00007ffb4124a000 	C:\WINDOWS\System32\CoreMessaging.dll
0x00007ffb2aba0000 - 0x00007ffb2aebe000 	C:\WINDOWS\System32\CoreUIComponents.dll
0x00007ffb423d0000 - 0x00007ffb42401000 	C:\WINDOWS\SYSTEM32\ntmarta.dll
0x00007ffb3f120000 - 0x00007ffb3f26d000 	C:\WINDOWS\SYSTEM32\wintypes.dll
0x00007ffb47000000 - 0x00007ffb470a0000 	C:\WINDOWS\System32\clbcatq.dll
0x00007ffb38870000 - 0x00007ffb38a1e000 	C:\WINDOWS\SYSTEM32\WindowsCodecs.dll
0x00007ffb251f0000 - 0x00007ffb25248000 	C:\WINDOWS\system32\dataexchange.dll
0x00007ffb40ba0000 - 0x00007ffb40d3c000 	C:\WINDOWS\system32\dcomp.dll
0x00007ffb402c0000 - 0x00007ffb405cb000 	C:\WINDOWS\system32\d3d11.dll
0x00007ffb420a0000 - 0x00007ffb4215b000 	C:\WINDOWS\system32\dxgi.dll
0x00007ffb415c0000 - 0x00007ffb41778000 	C:\WINDOWS\system32\twinapi.appcore.dll
0x00007ffb417b0000 - 0x00007ffb417d1000 	C:\WINDOWS\system32\RMCLIENT.dll

VM Arguments:
jvm_args: -Dfile.encoding=Cp1252 
java_command: Chess.TracesTableChessExecutedCallers
java_class_path (initial): C:\Program Files\Java\jre1.8.0_171\lib\resources.jar;C:\Program Files\Java\jre1.8.0_171\lib\rt.jar;C:\Program Files\Java\jre1.8.0_171\lib\jsse.jar;C:\Program Files\Java\jre1.8.0_171\lib\jce.jar;C:\Program Files\Java\jre1.8.0_171\lib\charsets.jar;C:\Program Files\Java\jre1.8.0_171\lib\jfr.jar;C:\Program Files\Java\jre1.8.0_171\lib\ext\access-bridge-64.jar;C:\Program Files\Java\jre1.8.0_171\lib\ext\cldrdata.jar;C:\Program Files\Java\jre1.8.0_171\lib\ext\dnsns.jar;C:\Program Files\Java\jre1.8.0_171\lib\ext\jaccess.jar;C:\Program Files\Java\jre1.8.0_171\lib\ext\jfxrt.jar;C:\Program Files\Java\jre1.8.0_171\lib\ext\localedata.jar;C:\Program Files\Java\jre1.8.0_171\lib\ext\nashorn.jar;C:\Program Files\Java\jre1.8.0_171\lib\ext\sunec.jar;C:\Program Files\Java\jre1.8.0_171\lib\ext\sunjce_provider.jar;C:\Program Files\Java\jre1.8.0_171\lib\ext\sunmscapi.jar;C:\Program Files\Java\jre1.8.0_171\lib\ext\sunpkcs11.jar;C:\Program Files\Java\jre1.8.0_171\lib\ext\zipfs.jar;C:\Users\mouna\new_workspace\SpoonProcessorFinal\bin;C:\Users\mouna\.gradle\caches\modules-2\files-2.1\fr.inria.gforge.spoon\spoon-core\6.2.0\7e74a11470d2caf8b6ad834819835b31983ea0ea\spoon-core-6.2.0.jar;C:\Users\mouna\.gradle\caches\modules-2\files-2.1\mysql\mysql-connector-java\5.1.46\9a3e63b387e376364211e96827bc27db8d7a92e9\mysql-connector-java-5.1.46.jar;C:\Users\mouna\.gradle\caches\modules-2\files-2.1\log4j\log4j\1.2.17\5af35056b4d257e4b64b9e8069c0746e8b08629f\log4j-1.2.17.jar;C:\Users\mouna\.gradle\caches\modules-2\files-2.1\org.eclipse.tycho\org.eclipse.jdt.core\3.13.50.v20171007-0855\65446f3abb8659db85cca0f83eeec04fca1bfe33\org.eclipse.jdt.core-3.13.50.v20171007-0855.jar;C:\Users\mouna\.gradle\caches\modules-2\files-2.1\com.martiansoftware\jsap\2.1\d17c260c8f5eb6e7d6bd75449a57edfeb53d2305\jsap-2.1.jar;C:\Users\mouna\.gradle\caches\modules-2\files-2.1\commons-io\commons-io\2.5\2852e6e05fbb95076fc091f6d1780f1f8fe35e0f\commons-io-2.5.jar;C:\Users\mouna\.gradle\caches\modules-2\fil
Launcher Type: SUN_STANDARD

Environment Variables:
JAVA_HOME=C:\Program Files\Java\jdk1.8.0_171
PATH=C:/Program Files/Java/jre1.8.0_171/bin/server;C:/Program Files/Java/jre1.8.0_171/bin;C:/Program Files/Java/jre1.8.0_171/lib/amd64;C:\Program Files (x86)\Common Files\Oracle\Java\javapath;C:\Program Files (x86)\Intel\iCLS Client\;C:\Program Files\Intel\iCLS Client\;C:\WINDOWS\system32;C:\WINDOWS;C:\WINDOWS\System32\Wbem;C:\WINDOWS\System32\WindowsPowerShell\v1.0\;C:\Program Files\Intel\WiFi\bin\;C:\Program Files\Common Files\Intel\WirelessCommon\;C:\Program Files (x86)\Intel\Intel(R) Management Engine Components\DAL;C:\Program Files\Intel\Intel(R) Management Engine Components\DAL;C:\Program Files (x86)\Intel\Intel(R) Management Engine Components\IPT;C:\Program Files\Intel\Intel(R) Management Engine Components\IPT;C:\WINDOWS\System32\OpenSSH\;C:\Program Files\Java\jdk1.8.0_171\bin;C:\Users\mouna\AppData\Local\Microsoft\WindowsApps;;C:\Users\mouna\Desktop\eclipse;
USERNAME=mouna
OS=Windows_NT
PROCESSOR_IDENTIFIER=Intel64 Family 6 Model 142 Stepping 9, GenuineIntel



---------------  S Y S T E M  ---------------

OS: Windows 10.0 , 64 bit Build 17134 (10.0.17134.1)

CPU:total 4 (initial active 4) (2 cores per cpu, 2 threads per core) family 6 model 142 stepping 9, cmov, cx8, fxsr, mmx, sse, sse2, sse3, ssse3, sse4.1, sse4.2, popcnt, avx, avx2, aes, clmul, erms, rtm, 3dnowpref, lzcnt, ht, tsc, tscinvbit, bmi1, bmi2, adx

Memory: 4k page, physical 16653512k(6019376k free), swap 44972740k(196k free)

vm_info: Java HotSpot(TM) 64-Bit Server VM (25.171-b11) for windows-amd64 JRE (1.8.0_171-b11), built on Mar 28 2018 16:06:12 by "java_re" with MS VC++ 10.0 (VS2010)

time: Wed Jul 11 10:55:47 2018
elapsed time: 3738 seconds (0d 1h 2m 18s)

