#
# There is insufficient memory for the Java Runtime Environment to continue.
# Native memory allocation (malloc) failed to allocate 663504 bytes for Chunk::new
# Possible reasons:
#   The system is out of physical RAM or swap space
#   In 32 bit mode, the process size limit was hit
# Possible solutions:
#   Reduce memory load on the system
#   Increase physical memory or swap space
#   Check if swap backing store is full
#   Use 64 bit Java on a 64 bit OS
#   Decrease Java heap size (-Xmx/-Xms)
#   Decrease number of Java threads
#   Decrease Java thread stack sizes (-Xss)
#   Set larger code cache with -XX:ReservedCodeCacheSize=
# This output file may be truncated or incomplete.
#
#  Out of Memory Error (allocation.cpp:390), pid=40212, tid=0x00000000000038a4
#
# JRE version: Java(TM) SE Runtime Environment (8.0_171-b11) (build 1.8.0_171-b11)
# Java VM: Java HotSpot(TM) 64-Bit Server VM (25.171-b11 mixed mode windows-amd64 )
# Failed to write core dump. Minidumps are not enabled by default on client versions of Windows
#

---------------  T H R E A D  ---------------

Current thread (0x000000002e361800):  JavaThread "C2 CompilerThread0" daemon [_thread_in_native, id=14500, stack(0x000000002f9b0000,0x000000002fab0000)]

Stack: [0x000000002f9b0000,0x000000002fab0000]
[error occurred during error reporting (printing stack bounds), id 0xc0000005]

Native frames: (J=compiled Java code, j=interpreted, Vv=VM code, C=native code)


Current CompileTask:
C2:63644442 4891       4       javax.swing.plaf.basic.BasicTableUI::paintCell (114 bytes)


---------------  P R O C E S S  ---------------

Java Threads: ( => current thread )
  0x0000000030a46000 JavaThread "TimerQueue" daemon [_thread_blocked, id=206976, stack(0x0000000036250000,0x0000000036350000)]
  0x0000000003002800 JavaThread "DestroyJavaVM" [_thread_blocked, id=20624, stack(0x0000000002f00000,0x0000000003000000)]
  0x0000000034fe2800 JavaThread "AWT-EventQueue-0" [_thread_blocked, id=75556, stack(0x0000000035b50000,0x0000000035c50000)]
  0x00000000355dc800 JavaThread "AWT-Shutdown" [_thread_blocked, id=171264, stack(0x0000000035a50000,0x0000000035b50000)]
  0x000000003049d000 JavaThread "Abandoned connection cleanup thread" daemon [_thread_blocked, id=88220, stack(0x0000000032a70000,0x0000000032b70000)]
  0x0000000030072800 JavaThread "AWT-Windows" daemon [_thread_in_native, id=102892, stack(0x0000000030df0000,0x0000000030ef0000)]
  0x0000000030433000 JavaThread "Java2D Disposer" daemon [_thread_blocked, id=91116, stack(0x0000000030bf0000,0x0000000030cf0000)]
  0x000000002e3be000 JavaThread "Service Thread" daemon [_thread_blocked, id=42624, stack(0x00000000300b0000,0x00000000301b0000)]
  0x000000002e373800 JavaThread "C1 CompilerThread2" daemon [_thread_blocked, id=217760, stack(0x000000002fbb0000,0x000000002fcb0000)]
  0x000000002e365800 JavaThread "C2 CompilerThread1" daemon [_thread_blocked, id=49800, stack(0x000000002fab0000,0x000000002fbb0000)]
=>0x000000002e361800 JavaThread "C2 CompilerThread0" daemon [_thread_in_native, id=14500, stack(0x000000002f9b0000,0x000000002fab0000)]
  0x000000002e35f800 JavaThread "Attach Listener" daemon [_thread_blocked, id=2336, stack(0x000000002f8b0000,0x000000002f9b0000)]
  0x000000002e35e800 JavaThread "Signal Dispatcher" daemon [_thread_blocked, id=15288, stack(0x000000002f7b0000,0x000000002f8b0000)]
  0x000000002e34a800 JavaThread "Finalizer" daemon [_thread_blocked, id=111964, stack(0x000000002f5c0000,0x000000002f6c0000)]
  0x00000000030f2000 JavaThread "Reference Handler" daemon [_thread_blocked, id=158116, stack(0x000000002f4c0000,0x000000002f5c0000)]

Other Threads:
  0x000000002e328000 VMThread [stack: 0x000000002f3c0000,0x000000002f4c0000] [id=126972]
  0x000000002fd01000 WatcherThread [stack: 0x00000000301b0000,0x00000000302b0000] [id=207064]

VM state:not at safepoint (normal execution)

VM Mutex/Monitor currently owned by a thread: None

Heap:
 PSYoungGen      total 2674688K, used 789976K [0x0000000dd5580000, 0x0000000f24800000, 0x0000001480000000)
  eden space 2126336K, 11% used [0x0000000dd5580000,0x0000000de4176cf8,0x0000000e57200000)
  from space 548352K, 99% used [0x0000000e57200000,0x0000000e7897f690,0x0000000e78980000)
  to   space 902656K, 0% used [0x0000000eed680000,0x0000000eed680000,0x0000000f24800000)
 ParOldGen       total 2796544K, used 993423K [0x0000000080000000, 0x000000012ab00000, 0x0000000dd5580000)
  object space 2796544K, 35% used [0x0000000080000000,0x00000000bca23cc8,0x000000012ab00000)
 Metaspace       used 23564K, capacity 24093K, committed 24320K, reserved 24576K

Card table byte_map: [0x00000000124c0000,0x000000001c4d0000] byte_map_base: 0x00000000120c0000

Marking Bits: (ParMarkBitMap*) 0x00000000532108c0
 Begin Bits: [0x0000001480000000, 0x00000014d0000000)
 End Bits:   [0x00000014d0000000, 0x0000001520000000)

Polling page: 0x0000000001450000

CodeCache: size=245760Kb used=13517Kb max_used=15245Kb free=232242Kb
 bounds [0x0000000003100000, 0x0000000004030000, 0x0000000012100000]
 total_blobs=4319 nmethods=3723 adapters=505
 compilation: enabled

Compilation events (10 events):
Event: 63619.283 Thread 0x000000002e361800 4887       4       sun.java2d.SurfaceData::canRenderParallelograms (137 bytes)
Event: 63619.285 Thread 0x000000002e361800 nmethod 4887 0x00000000037bb4d0 code [0x00000000037bb620, 0x00000000037bb788]
Event: 63619.285 Thread 0x000000002e361800 4888       4       sun.java2d.SunGraphics2D::checkFontInfo (721 bytes)
Event: 63619.292 Thread 0x000000002e365800 nmethod 4886 0x00000000039aee10 code [0x00000000039aefc0, 0x00000000039af688]
Event: 63619.292 Thread 0x000000002e365800 4889       4       sun.java2d.SurfaceData::canRenderLCDText (84 bytes)
Event: 63619.294 Thread 0x000000002e365800 nmethod 4889 0x000000000331ce10 code [0x000000000331cf60, 0x000000000331d0e8]
Event: 63619.311 Thread 0x000000002e361800 nmethod 4888 0x0000000003b71a90 code [0x0000000003b71c80, 0x0000000003b730e8]
Event: 63623.255 Thread 0x000000002e365800 4890       4       java.awt.Component::repaintParentIfNeeded (41 bytes)
Event: 63623.258 Thread 0x000000002e365800 nmethod 4890 0x0000000003e3c010 code [0x0000000003e3c160, 0x0000000003e3c338]
Event: 63623.259 Thread 0x000000002e361800 4891       4       javax.swing.plaf.basic.BasicTableUI::paintCell (114 bytes)

GC Heap History (10 events):
Event: 26.984 GC heap before
{Heap before GC invocations=4 (full 1):
 PSYoungGen      total 1223168K, used 1048576K [0x0000000dd5580000, 0x0000000e6aa80000, 0x0000001480000000)
  eden space 1048576K, 100% used [0x0000000dd5580000,0x0000000e15580000,0x0000000e15580000)
  from space 174592K, 0% used [0x0000000e20000000,0x0000000e20000000,0x0000000e2aa80000)
  to   space 174592K, 0% used [0x0000000e15580000,0x0000000e15580000,0x0000000e20000000)
 ParOldGen       total 2796544K, used 486632K [0x0000000080000000, 0x000000012ab00000, 0x0000000dd5580000)
  object space 2796544K, 17% used [0x0000000080000000,0x000000009db3a1d0,0x000000012ab00000)
 Metaspace       used 21476K, capacity 22084K, committed 22320K, reserved 22528K
Event: 27.006 GC heap after
Heap after GC invocations=4 (full 1):
 PSYoungGen      total 1223168K, used 42458K [0x0000000dd5580000, 0x0000000e42300000, 0x0000001480000000)
  eden space 1048576K, 0% used [0x0000000dd5580000,0x0000000dd5580000,0x0000000e15580000)
  from space 174592K, 24% used [0x0000000e15580000,0x0000000e17ef6b00,0x0000000e20000000)
  to   space 174592K, 0% used [0x0000000e37880000,0x0000000e37880000,0x0000000e42300000)
 ParOldGen       total 2796544K, used 486632K [0x0000000080000000, 0x000000012ab00000, 0x0000000dd5580000)
  object space 2796544K, 17% used [0x0000000080000000,0x000000009db3a1d0,0x000000012ab00000)
 Metaspace       used 21476K, capacity 22084K, committed 22320K, reserved 22528K
}
Event: 27.827 GC heap before
{Heap before GC invocations=5 (full 1):
 PSYoungGen      total 1223168K, used 1091034K [0x0000000dd5580000, 0x0000000e42300000, 0x0000001480000000)
  eden space 1048576K, 100% used [0x0000000dd5580000,0x0000000e15580000,0x0000000e15580000)
  from space 174592K, 24% used [0x0000000e15580000,0x0000000e17ef6b00,0x0000000e20000000)
  to   space 174592K, 0% used [0x0000000e37880000,0x0000000e37880000,0x0000000e42300000)
 ParOldGen       total 2796544K, used 486632K [0x0000000080000000, 0x000000012ab00000, 0x0000000dd5580000)
  object space 2796544K, 17% used [0x0000000080000000,0x000000009db3a1d0,0x000000012ab00000)
 Metaspace       used 21476K, capacity 22084K, committed 22320K, reserved 22528K
Event: 27.850 GC heap after
Heap after GC invocations=5 (full 1):
 PSYoungGen      total 1608704K, used 46012K [0x0000000dd5580000, 0x0000000e47780000, 0x0000001480000000)
  eden space 1434112K, 0% used [0x0000000dd5580000,0x0000000dd5580000,0x0000000e2ce00000)
  from space 174592K, 26% used [0x0000000e37880000,0x0000000e3a56f3c0,0x0000000e42300000)
  to   space 174592K, 0% used [0x0000000e2ce00000,0x0000000e2ce00000,0x0000000e37880000)
 ParOldGen       total 2796544K, used 486640K [0x0000000080000000, 0x000000012ab00000, 0x0000000dd5580000)
  object space 2796544K, 17% used [0x0000000080000000,0x000000009db3c1d0,0x000000012ab00000)
 Metaspace       used 21476K, capacity 22084K, committed 22320K, reserved 22528K
}
Event: 31.608 GC heap before
{Heap before GC invocations=6 (full 1):
 PSYoungGen      total 1608704K, used 1480124K [0x0000000dd5580000, 0x0000000e47780000, 0x0000001480000000)
  eden space 1434112K, 100% used [0x0000000dd5580000,0x0000000e2ce00000,0x0000000e2ce00000)
  from space 174592K, 26% used [0x0000000e37880000,0x0000000e3a56f3c0,0x0000000e42300000)
  to   space 174592K, 0% used [0x0000000e2ce00000,0x0000000e2ce00000,0x0000000e37880000)
 ParOldGen       total 2796544K, used 486640K [0x0000000080000000, 0x000000012ab00000, 0x0000000dd5580000)
  object space 2796544K, 17% used [0x0000000080000000,0x000000009db3c1d0,0x000000012ab00000)
 Metaspace       used 21511K, capacity 22084K, committed 22320K, reserved 22528K
Event: 31.740 GC heap after
Heap after GC invocations=6 (full 1):
 PSYoungGen      total 1608704K, used 174578K [0x0000000dd5580000, 0x0000000e96b80000, 0x0000001480000000)
  eden space 1434112K, 0% used [0x0000000dd5580000,0x0000000dd5580000,0x0000000e2ce00000)
  from space 174592K, 99% used [0x0000000e2ce00000,0x0000000e3787ca80,0x0000000e37880000)
  to   space 493568K, 0% used [0x0000000e78980000,0x0000000e78980000,0x0000000e96b80000)
 ParOldGen       total 2796544K, used 530839K [0x0000000080000000, 0x000000012ab00000, 0x0000000dd5580000)
  object space 2796544K, 18% used [0x0000000080000000,0x00000000a0665ef0,0x000000012ab00000)
 Metaspace       used 21511K, capacity 22084K, committed 22320K, reserved 22528K
}
Event: 34.571 GC heap before
{Heap before GC invocations=7 (full 1):
 PSYoungGen      total 1608704K, used 1608690K [0x0000000dd5580000, 0x0000000e96b80000, 0x0000001480000000)
  eden space 1434112K, 100% used [0x0000000dd5580000,0x0000000e2ce00000,0x0000000e2ce00000)
  from space 174592K, 99% used [0x0000000e2ce00000,0x0000000e3787ca80,0x0000000e37880000)
  to   space 493568K, 0% used [0x0000000e78980000,0x0000000e78980000,0x0000000e96b80000)
 ParOldGen       total 2796544K, used 530839K [0x0000000080000000, 0x000000012ab00000, 0x0000000dd5580000)
  object space 2796544K, 18% used [0x0000000080000000,0x00000000a0665ef0,0x000000012ab00000)
 Metaspace       used 21561K, capacity 22084K, committed 22320K, reserved 22528K
Event: 34.758 GC heap after
Heap after GC invocations=7 (full 1):
 PSYoungGen      total 2619904K, used 365180K [0x0000000dd5580000, 0x0000000ea6e80000, 0x0000001480000000)
  eden space 2126336K, 0% used [0x0000000dd5580000,0x0000000dd5580000,0x0000000e57200000)
  from space 493568K, 73% used [0x0000000e78980000,0x0000000e8ee1f360,0x0000000e96b80000)
  to   space 548352K, 0% used [0x0000000e57200000,0x0000000e57200000,0x0000000e78980000)
 ParOldGen       total 2796544K, used 530839K [0x0000000080000000, 0x000000012ab00000, 0x0000000dd5580000)
  object space 2796544K, 18% used [0x0000000080000000,0x00000000a0665ef0,0x000000012ab00000)
 Metaspace       used 21561K, capacity 22084K, committed 22320K, reserved 22528K
}
Event: 38.246 GC heap before
{Heap before GC invocations=8 (full 1):
 PSYoungGen      total 2619904K, used 2491516K [0x0000000dd5580000, 0x0000000ea6e80000, 0x0000001480000000)
  eden space 2126336K, 100% used [0x0000000dd5580000,0x0000000e57200000,0x0000000e57200000)
  from space 493568K, 73% used [0x0000000e78980000,0x0000000e8ee1f360,0x0000000e96b80000)
  to   space 548352K, 0% used [0x0000000e57200000,0x0000000e57200000,0x0000000e78980000)
 ParOldGen       total 2796544K, used 530839K [0x0000000080000000, 0x000000012ab00000, 0x0000000dd5580000)
  object space 2796544K, 18% used [0x0000000080000000,0x00000000a0665ef0,0x000000012ab00000)
 Metaspace       used 21770K, capacity 22286K, committed 22320K, reserved 22528K
Event: 38.653 GC heap after
Heap after GC invocations=8 (full 1):
 PSYoungGen      total 2674688K, used 548349K [0x0000000dd5580000, 0x0000000f24800000, 0x0000001480000000)
  eden space 2126336K, 0% used [0x0000000dd5580000,0x0000000dd5580000,0x0000000e57200000)
  from space 548352K, 99% used [0x0000000e57200000,0x0000000e7897f690,0x0000000e78980000)
  to   space 902656K, 0% used [0x0000000eed680000,0x0000000eed680000,0x0000000f24800000)
 ParOldGen       total 2796544K, used 993423K [0x0000000080000000, 0x000000012ab00000, 0x0000000dd5580000)
  object space 2796544K, 35% used [0x0000000080000000,0x00000000bca23cc8,0x000000012ab00000)
 Metaspace       used 21770K, capacity 22286K, committed 22320K, reserved 22528K
}

Deoptimization events (10 events):
Event: 58486.313 Thread 0x0000000034fe2800 Uncommon trap: reason=unstable_if action=reinterpret pc=0x0000000003c81c24 method=javax.swing.text.GapContent$MarkVector.elementAt(I)Ljavax/swing/text/GapContent$MarkData; @ 24
Event: 58486.313 Thread 0x0000000034fe2800 Uncommon trap: reason=unstable_if action=reinterpret pc=0x0000000003b42eac method=javax.swing.text.GapContent$MarkVector.elementAt(I)Ljavax/swing/text/GapContent$MarkData; @ 24
Event: 58486.314 Thread 0x0000000034fe2800 Uncommon trap: reason=unstable_if action=reinterpret pc=0x0000000003857018 method=java.util.Vector.removeAllElements()V @ 17
Event: 58486.633 Thread 0x0000000034fe2800 Uncommon trap: reason=unstable_if action=reinterpret pc=0x0000000003ef0470 method=java.awt.Component.getInputContext()Ljava/awt/im/InputContext; @ 6
Event: 58487.977 Thread 0x0000000034fe2800 Uncommon trap: reason=unstable_if action=reinterpret pc=0x00000000032f2c6c method=javax.swing.text.GapContent.getChars(IILjavax/swing/text/Segment;)V @ 107
Event: 58487.977 Thread 0x0000000034fe2800 Uncommon trap: reason=unstable_if action=reinterpret pc=0x0000000003ceff3c method=javax.swing.text.GapContent$MarkVector.elementAt(I)Ljavax/swing/text/GapContent$MarkData; @ 24
Event: 58489.301 Thread 0x0000000034fe2800 Uncommon trap: reason=class_check action=maybe_recompile pc=0x0000000003bceb58 method=javax.swing.ArrayTable.put(Ljava/lang/Object;Ljava/lang/Object;)V @ 76
Event: 58494.396 Thread 0x0000000034fe2800 Uncommon trap: reason=unstable_if action=reinterpret pc=0x0000000003cb195c method=java.awt.LightweightDispatcher.processMouseEvent(Ljava/awt/event/MouseEvent;)Z @ 85
Event: 63609.646 Thread 0x0000000034fe2800 Uncommon trap: reason=unstable_if action=reinterpret pc=0x000000000364d668 method=java.util.HashMap$HashIterator.<init>(Ljava/util/HashMap;)V @ 45
Event: 63622.811 Thread 0x0000000034fe2800 Uncommon trap: reason=unstable_if action=reinterpret pc=0x000000000347ec98 method=java.util.HashMap$HashIterator.<init>(Ljava/util/HashMap;)V @ 45

Classes redefined (0 events):
No events

Internal exceptions (10 events):
Event: 0.984 Thread 0x0000000003002800 Exception <a 'java/lang/ClassNotFoundException': org/apache/log4j/AppenderSkeletonCustomizer> (0x0000000ddb4c61e0) thrown at [C:\re\workspace\8-2-build-windows-amd64-cygwin\jdk8u171\10807\hotspot\src\share\vm\classfile\systemDictionary.cpp, line 210]
Event: 0.985 Thread 0x0000000003002800 Exception <a 'java/lang/ClassNotFoundException': org/apache/log4j/WriterAppenderCustomizer> (0x0000000ddb4e6900) thrown at [C:\re\workspace\8-2-build-windows-amd64-cygwin\jdk8u171\10807\hotspot\src\share\vm\classfile\systemDictionary.cpp, line 210]
Event: 0.985 Thread 0x0000000003002800 Exception <a 'java/lang/ClassNotFoundException': org/apache/log4j/FileAppenderCustomizer> (0x0000000ddb4fdc80) thrown at [C:\re\workspace\8-2-build-windows-amd64-cygwin\jdk8u171\10807\hotspot\src\share\vm\classfile\systemDictionary.cpp, line 210]
Event: 0.986 Thread 0x0000000003002800 Exception <a 'java/lang/ClassNotFoundException': org/apache/log4j/RollingFileAppenderCustomizer> (0x0000000ddb5161f8) thrown at [C:\re\workspace\8-2-build-windows-amd64-cygwin\jdk8u171\10807\hotspot\src\share\vm\classfile\systemDictionary.cpp, line 210]
Event: 1.121 Thread 0x0000000003002800 Exception <a 'java/lang/NoSuchMethodError': java.lang.Object.lambda$comparingByKey$bbdbfea9$1(Ljava/util/Map$Entry;Ljava/util/Map$Entry;)I> (0x0000000ddc516890) thrown at [C:\re\workspace\8-2-build-windows-amd64-cygwin\jdk8u171\10807\hotspot\src\share\vm\
Event: 38.233 Thread 0x0000000003002800 Implicit null exception at 0x0000000003bf8621 to 0x0000000003bf8633
Event: 38.245 Thread 0x0000000003002800 Implicit null exception at 0x0000000003b88a18 to 0x0000000003b88c3f
Event: 38.687 Thread 0x0000000003002800 Implicit null exception at 0x0000000003b59a50 to 0x0000000003b59c42
Event: 38.713 Thread 0x0000000034fe2800 Implicit null exception at 0x0000000003b86348 to 0x0000000003b863c9
Event: 266.732 Thread 0x0000000034fe2800 Implicit null exception at 0x0000000003edf2e0 to 0x0000000003edf451

Events (10 events):
Event: 63609.818 Thread 0x000000002e373800 flushing nmethod 0x0000000003edc310
Event: 63609.818 Thread 0x000000002e373800 flushing nmethod 0x0000000003eec650
Event: 63609.818 Thread 0x000000002e373800 flushing nmethod 0x0000000003efa050
Event: 63609.818 Thread 0x000000002e373800 flushing nmethod 0x0000000003efb590
Event: 63609.819 Thread 0x000000002e373800 flushing nmethod 0x0000000003f438d0
Event: 63615.633 Thread 0x0000000034fe2800 DEOPT PACKING pc=0x0000000003dd86ad sp=0x0000000035c4df20
Event: 63615.634 Thread 0x0000000034fe2800 DEOPT UNPACKING pc=0x0000000003147890 sp=0x0000000035c4dc38 mode 0
Event: 63622.811 Thread 0x0000000034fe2800 Uncommon trap: trap_request=0xffffff65 fr.pc=0x000000000347ec98
Event: 63622.811 Thread 0x0000000034fe2800 DEOPT PACKING pc=0x000000000347ec98 sp=0x0000000035c4dd90
Event: 63622.811 Thread 0x0000000034fe2800 DEOPT UNPACKING pc=0x000000000314583b sp=0x0000000035c4dd30 mode 2


Dynamic libraries:
0x00007ff62f2b0000 - 0x00007ff62f2e7000 	C:\Program Files\Java\jre1.8.0_171\bin\javaw.exe
0x00007ffee7c30000 - 0x00007ffee7e11000 	C:\WINDOWS\SYSTEM32\ntdll.dll
0x00007ffee7b00000 - 0x00007ffee7bb2000 	C:\WINDOWS\System32\KERNEL32.DLL
0x00007ffee4050000 - 0x00007ffee42c3000 	C:\WINDOWS\System32\KERNELBASE.dll
0x00007ffee7380000 - 0x00007ffee7421000 	C:\WINDOWS\System32\ADVAPI32.dll
0x00007ffee7710000 - 0x00007ffee77ae000 	C:\WINDOWS\System32\msvcrt.dll
0x00007ffee7970000 - 0x00007ffee79cb000 	C:\WINDOWS\System32\sechost.dll
0x00007ffee5170000 - 0x00007ffee5294000 	C:\WINDOWS\System32\RPCRT4.dll
0x00007ffee6b40000 - 0x00007ffee6cd0000 	C:\WINDOWS\System32\USER32.dll
0x00007ffee4790000 - 0x00007ffee47b0000 	C:\WINDOWS\System32\win32u.dll
0x00007ffee7bc0000 - 0x00007ffee7be8000 	C:\WINDOWS\System32\GDI32.dll
0x00007ffee4ec0000 - 0x00007ffee5052000 	C:\WINDOWS\System32\gdi32full.dll
0x00007ffee44c0000 - 0x00007ffee455f000 	C:\WINDOWS\System32\msvcp_win.dll
0x00007ffee4560000 - 0x00007ffee465a000 	C:\WINDOWS\System32\ucrtbase.dll
0x00007ffed5490000 - 0x00007ffed56f9000 	C:\WINDOWS\WinSxS\amd64_microsoft.windows.common-controls_6595b64144ccf1df_6.0.17134.112_none_fb3f961b30681c12\COMCTL32.dll
0x00007ffee6740000 - 0x00007ffee6a63000 	C:\WINDOWS\System32\combase.dll
0x00007ffee4660000 - 0x00007ffee46da000 	C:\WINDOWS\System32\bcryptPrimitives.dll
0x00007ffee50c0000 - 0x00007ffee50ed000 	C:\WINDOWS\System32\IMM32.DLL
0x0000000052830000 - 0x0000000052902000 	C:\Program Files\Java\jre1.8.0_171\bin\msvcr100.dll
0x00000000529f0000 - 0x0000000053290000 	C:\Program Files\Java\jre1.8.0_171\bin\server\jvm.dll
0x00007ffee7a80000 - 0x00007ffee7a88000 	C:\WINDOWS\System32\PSAPI.DLL
0x00007ffec95f0000 - 0x00007ffec95f9000 	C:\WINDOWS\SYSTEM32\WSOCK32.dll
0x00007ffed9160000 - 0x00007ffed9183000 	C:\WINDOWS\SYSTEM32\WINMM.dll
0x00007ffee7430000 - 0x00007ffee749c000 	C:\WINDOWS\System32\WS2_32.dll
0x00007ffee30a0000 - 0x00007ffee30aa000 	C:\WINDOWS\SYSTEM32\VERSION.dll
0x00007ffed8ba0000 - 0x00007ffed8bca000 	C:\WINDOWS\SYSTEM32\WINMMBASE.dll
0x00007ffee4000000 - 0x00007ffee4049000 	C:\WINDOWS\System32\cfgmgr32.dll
0x0000000053980000 - 0x000000005398f000 	C:\Program Files\Java\jre1.8.0_171\bin\verify.dll
0x0000000053950000 - 0x0000000053979000 	C:\Program Files\Java\jre1.8.0_171\bin\java.dll
0x0000000053930000 - 0x0000000053946000 	C:\Program Files\Java\jre1.8.0_171\bin\zip.dll
0x00007ffee5300000 - 0x00007ffee6740000 	C:\WINDOWS\System32\SHELL32.dll
0x00007ffee79d0000 - 0x00007ffee7a79000 	C:\WINDOWS\System32\shcore.dll
0x00007ffee47b0000 - 0x00007ffee4ebd000 	C:\WINDOWS\System32\windows.storage.dll
0x00007ffee52a0000 - 0x00007ffee52f1000 	C:\WINDOWS\System32\shlwapi.dll
0x00007ffee3fe0000 - 0x00007ffee3ff1000 	C:\WINDOWS\System32\kernel.appcore.dll
0x00007ffee3f40000 - 0x00007ffee3f5f000 	C:\WINDOWS\System32\profapi.dll
0x00007ffee3f90000 - 0x00007ffee3fdc000 	C:\WINDOWS\System32\powrprof.dll
0x00007ffee3f80000 - 0x00007ffee3f8a000 	C:\WINDOWS\System32\FLTLIB.DLL
0x0000000052690000 - 0x0000000052828000 	C:\Program Files\Java\jre1.8.0_171\bin\awt.dll
0x00007ffee6a70000 - 0x00007ffee6b32000 	C:\WINDOWS\System32\OLEAUT32.dll
0x00007ffee1a10000 - 0x00007ffee1a9b000 	C:\WINDOWS\SYSTEM32\apphelp.dll
0x00007ffee2080000 - 0x00007ffee20a9000 	C:\WINDOWS\system32\DWMAPI.DLL
0x00007ffee1f00000 - 0x00007ffee1f98000 	C:\WINDOWS\system32\uxtheme.dll
0x00007ffed1490000 - 0x00007ffed15b0000 	C:\WINDOWS\system32\opengl32.dll
0x00007ffedd7e0000 - 0x00007ffedd80c000 	C:\WINDOWS\SYSTEM32\GLU32.dll
0x00007ffee74a0000 - 0x00007ffee7615000 	C:\WINDOWS\System32\MSCTF.dll
0x00007ffec65a0000 - 0x00007ffec6679000 	c:\Program Files\HP\HP ProtectTools Security Manager\Bin\DpoFeedb.dll
0x00007ffee3e70000 - 0x00007ffee3e98000 	C:\WINDOWS\SYSTEM32\USERENV.dll
0x00007ffee7220000 - 0x00007ffee7371000 	C:\WINDOWS\System32\ole32.dll
0x0000000053910000 - 0x000000005392a000 	C:\Program Files\Java\jre1.8.0_171\bin\net.dll
0x00007ffee3760000 - 0x00007ffee37c6000 	C:\WINDOWS\system32\mswsock.dll
0x00007ffee3520000 - 0x00007ffee35de000 	C:\WINDOWS\SYSTEM32\DNSAPI.dll
0x00007ffee7a90000 - 0x00007ffee7a98000 	C:\WINDOWS\System32\NSI.dll
0x00007ffee34e0000 - 0x00007ffee3518000 	C:\WINDOWS\SYSTEM32\IPHLPAPI.DLL
0x00007ffedc0b0000 - 0x00007ffedc0ba000 	C:\Windows\System32\rasadhlp.dll
0x00007ffedc5f0000 - 0x00007ffedc662000 	C:\WINDOWS\System32\fwpuclnt.dll
0x00007ffee3aa0000 - 0x00007ffee3ac5000 	C:\WINDOWS\SYSTEM32\bcrypt.dll
0x0000000053660000 - 0x0000000053684000 	C:\Program Files\Java\jre1.8.0_171\bin\sunec.dll
0x00007ffeddee0000 - 0x00007ffeddef6000 	C:\WINDOWS\SYSTEM32\dhcpcsvc6.DLL
0x00007ffeddf50000 - 0x00007ffeddf6a000 	C:\WINDOWS\SYSTEM32\dhcpcsvc.DLL
0x00000000538f0000 - 0x0000000053901000 	C:\Program Files\Java\jre1.8.0_171\bin\nio.dll
0x00007ffee3970000 - 0x00007ffee3987000 	C:\WINDOWS\SYSTEM32\CRYPTSP.dll
0x00007ffee3340000 - 0x00007ffee3373000 	C:\WINDOWS\system32\rsaenh.dll
0x00007ffee3990000 - 0x00007ffee399b000 	C:\WINDOWS\SYSTEM32\CRYPTBASE.dll
0x00000000538d0000 - 0x00000000538db000 	C:\Program Files\Java\jre1.8.0_171\bin\sunmscapi.dll
0x00007ffee42d0000 - 0x00007ffee44b2000 	C:\WINDOWS\System32\CRYPT32.dll
0x00007ffee3f60000 - 0x00007ffee3f72000 	C:\WINDOWS\System32\MSASN1.dll
0x0000000052640000 - 0x0000000052687000 	C:\Program Files\Java\jre1.8.0_171\bin\fontmanager.dll
0x00000000525f0000 - 0x0000000052632000 	C:\Program Files\Java\jre1.8.0_171\bin\t2k.dll
0x00007ffed22a0000 - 0x00007ffed2338000 	C:\WINDOWS\System32\TextInputFramework.dll
0x00007ffee1000000 - 0x00007ffee10da000 	C:\WINDOWS\System32\CoreMessaging.dll
0x00007ffeceda0000 - 0x00007ffecf0be000 	C:\WINDOWS\System32\CoreUIComponents.dll
0x00007ffee2e90000 - 0x00007ffee2ec1000 	C:\WINDOWS\SYSTEM32\ntmarta.dll
0x00007ffedfbe0000 - 0x00007ffedfd2d000 	C:\WINDOWS\SYSTEM32\wintypes.dll
0x00007ffee6d30000 - 0x00007ffee6dd0000 	C:\WINDOWS\System32\clbcatq.dll
0x00007ffee1c40000 - 0x00007ffee1dee000 	C:\WINDOWS\SYSTEM32\WindowsCodecs.dll
0x00007ffecdee0000 - 0x00007ffecdf38000 	C:\WINDOWS\system32\dataexchange.dll
0x00007ffee0160000 - 0x00007ffee046b000 	C:\WINDOWS\system32\d3d11.dll
0x00007ffee0ae0000 - 0x00007ffee0c7c000 	C:\WINDOWS\system32\dcomp.dll
0x00007ffee2b10000 - 0x00007ffee2bcb000 	C:\WINDOWS\system32\dxgi.dll
0x00007ffee2210000 - 0x00007ffee23c8000 	C:\WINDOWS\system32\twinapi.appcore.dll
0x00007ffee2190000 - 0x00007ffee21b1000 	C:\WINDOWS\system32\RMCLIENT.dll

VM Arguments:
jvm_args: -Xms4G -Xmx80G -Dfile.encoding=Cp1252 
java_command: Chess.TracesTableChess
java_class_path (initial): C:\Program Files\Java\jre1.8.0_171\lib\resources.jar;C:\Program Files\Java\jre1.8.0_171\lib\rt.jar;C:\Program Files\Java\jre1.8.0_171\lib\jsse.jar;C:\Program Files\Java\jre1.8.0_171\lib\jce.jar;C:\Program Files\Java\jre1.8.0_171\lib\charsets.jar;C:\Program Files\Java\jre1.8.0_171\lib\jfr.jar;C:\Program Files\Java\jre1.8.0_171\lib\ext\access-bridge-64.jar;C:\Program Files\Java\jre1.8.0_171\lib\ext\cldrdata.jar;C:\Program Files\Java\jre1.8.0_171\lib\ext\dnsns.jar;C:\Program Files\Java\jre1.8.0_171\lib\ext\jaccess.jar;C:\Program Files\Java\jre1.8.0_171\lib\ext\jfxrt.jar;C:\Program Files\Java\jre1.8.0_171\lib\ext\localedata.jar;C:\Program Files\Java\jre1.8.0_171\lib\ext\nashorn.jar;C:\Program Files\Java\jre1.8.0_171\lib\ext\sunec.jar;C:\Program Files\Java\jre1.8.0_171\lib\ext\sunjce_provider.jar;C:\Program Files\Java\jre1.8.0_171\lib\ext\sunmscapi.jar;C:\Program Files\Java\jre1.8.0_171\lib\ext\sunpkcs11.jar;C:\Program Files\Java\jre1.8.0_171\lib\ext\zipfs.jar;C:\Users\mouna\new_workspace\SpoonProcessorFinal\bin;C:\Users\mouna\.gradle\caches\modules-2\files-2.1\fr.inria.gforge.spoon\spoon-core\6.2.0\7e74a11470d2caf8b6ad834819835b31983ea0ea\spoon-core-6.2.0.jar;C:\Users\mouna\.gradle\caches\modules-2\files-2.1\mysql\mysql-connector-java\5.1.46\9a3e63b387e376364211e96827bc27db8d7a92e9\mysql-connector-java-5.1.46.jar;C:\Users\mouna\.gradle\caches\modules-2\files-2.1\log4j\log4j\1.2.17\5af35056b4d257e4b64b9e8069c0746e8b08629f\log4j-1.2.17.jar;C:\Users\mouna\.gradle\caches\modules-2\files-2.1\org.eclipse.tycho\org.eclipse.jdt.core\3.13.50.v20171007-0855\65446f3abb8659db85cca0f83eeec04fca1bfe33\org.eclipse.jdt.core-3.13.50.v20171007-0855.jar;C:\Users\mouna\.gradle\caches\modules-2\files-2.1\com.martiansoftware\jsap\2.1\d17c260c8f5eb6e7d6bd75449a57edfeb53d2305\jsap-2.1.jar;C:\Users\mouna\.gradle\caches\modules-2\files-2.1\commons-io\commons-io\2.5\2852e6e05fbb95076fc091f6d1780f1f8fe35e0f\commons-io-2.5.jar;C:\Users\mouna\.gradle\caches\modules-2\fil
Launcher Type: SUN_STANDARD

Environment Variables:
JAVA_HOME=C:\Program Files\Java\jdk1.8.0_171
PATH=C:/Program Files/Java/jre1.8.0_171/bin/server;C:/Program Files/Java/jre1.8.0_171/bin;C:/Program Files/Java/jre1.8.0_171/lib/amd64;C:\Program Files (x86)\Common Files\Oracle\Java\javapath;C:\Program Files (x86)\Intel\iCLS Client\;C:\Program Files\Intel\iCLS Client\;C:\WINDOWS\system32;C:\WINDOWS;C:\WINDOWS\System32\Wbem;C:\WINDOWS\System32\WindowsPowerShell\v1.0\;C:\Program Files\Intel\WiFi\bin\;C:\Program Files\Common Files\Intel\WirelessCommon\;C:\Program Files (x86)\Intel\Intel(R) Management Engine Components\DAL;C:\Program Files\Intel\Intel(R) Management Engine Components\DAL;C:\Program Files (x86)\Intel\Intel(R) Management Engine Components\IPT;C:\Program Files\Intel\Intel(R) Management Engine Components\IPT;C:\WINDOWS\System32\OpenSSH\;%JAVA_HOME%\bin;C:\Users\mouna\AppData\Local\Microsoft\WindowsApps;;C:\Users\mouna\Desktop\eclipse;
USERNAME=mouna
OS=Windows_NT
PROCESSOR_IDENTIFIER=Intel64 Family 6 Model 142 Stepping 9, GenuineIntel



---------------  S Y S T E M  ---------------

OS: Windows 10.0 , 64 bit Build 17134 (10.0.17134.1)

CPU:total 4 (initial active 4) (2 cores per cpu, 2 threads per core) family 6 model 142 stepping 9, cmov, cx8, fxsr, mmx, sse, sse2, sse3, ssse3, sse4.1, sse4.2, popcnt, avx, avx2, aes, clmul, erms, rtm, 3dnowpref, lzcnt, ht, tsc, tscinvbit, bmi1, bmi2, adx

Memory: 4k page, physical 16653512k(2885848k free), swap 44972740k(5516k free)

vm_info: Java HotSpot(TM) 64-Bit Server VM (25.171-b11) for windows-amd64 JRE (1.8.0_171-b11), built on Mar 28 2018 16:06:12 by "java_re" with MS VC++ 10.0 (VS2010)

time: Tue Jul 10 10:38:22 2018
elapsed time: 63623 seconds (0d 17h 40m 23s)

